[ EXECUTING ]	31.08.2022 13:25:33	Initializing repo....
[ EXECUTING ]	31.08.2022 13:25:33	Done.
[ EXECUTING ]	31.08.2022 13:26:03	Inserting new company: "Id: 0; Name: test; DisplayName: test (0); LunticDate: 31.08.2022 0:00:00; PaperAddress: test; "
[ EXECUTING ]	31.08.2022 13:26:03	Done.
[ EXECUTING ]	31.08.2022 15:44:20	Initializing repo....
[ EXECUTING ]	31.08.2022 15:44:20	Done.
[ EXECUTING ]	31.08.2022 15:49:20	Initializing repo....
[ EXECUTING ]	31.08.2022 15:49:20	Done.
[ EXECUTING ]	31.08.2022 16:05:20	Initializing repo....
[ EXECUTING ]	31.08.2022 16:05:20	Done.
[ EXECUTING ]	31.08.2022 16:06:12	Inserting new post: "Id: 0; Name: new test; DisplayName: new test (0); "
[ EXECUTING ]	31.08.2022 16:06:12	Done.
[ EXECUTING ]	31.08.2022 16:46:30	Initializing repo....
[ EXECUTING ]	31.08.2022 16:46:30	Done.
[ EXECUTING ]	31.08.2022 16:48:30	Initializing repo....
[ EXECUTING ]	31.08.2022 16:48:30	Done.
[ EXECUTING ]	31.08.2022 16:49:31	Inserting new staff: "Id: 0; Name: 23; DisplayName: 23 (0); Surname: 23; Lastname: 23; Birthdate: 25.07.2022 0:00:00; Hiredate: 30.08.2022 0:00:00; Post: манагер (1); Money: 23"
[ EXECUTING ]	31.08.2022 16:49:31	Done.
[ EXECUTING ]	31.08.2022 17:30:07	Initializing repo....
[ EXECUTING ]	31.08.2022 17:30:07	Done.
[ EXECUTING ]	31.08.2022 17:34:07	Initializing repo....
[ EXECUTING ]	31.08.2022 17:34:08	Done.
[ EXECUTING ]	31.08.2022 17:39:17	Initializing repo....
[ EXECUTING ]	31.08.2022 17:39:17	Done.
[ EXECUTING ]	01.09.2022 14:03:48	Initializing repo....
[ EXECUTING ]	01.09.2022 14:03:50	Done.
[ EXECUTING ]	01.09.2022 14:03:50	Loading companies list...
[ EXECUTING ]	01.09.2022 14:03:50	Done.
[ EXECUTING ]	01.09.2022 14:04:23	Initializing repo....
[ EXECUTING ]	01.09.2022 14:04:23	Done.
[ EXECUTING ]	01.09.2022 14:04:23	Loading companies list...
[ EXECUTING ]	01.09.2022 14:04:24	Done.
[ EXECUTING ]	01.09.2022 14:05:25	Initializing repo....
[ EXECUTING ]	01.09.2022 14:05:25	Done.
[ EXECUTING ]	01.09.2022 14:05:25	Loading companies list...
[ EXECUTING ]	01.09.2022 14:05:25	Done.
